Determining if the pthread_create exist failed with the following output:
Change Dir: /home/danas/Qt_ws/build/CMakeFiles/CMakeTmp

Run Build Command:"/usr/bin/make" "cmTC_a9711/fast"
/usr/bin/make -f CMakeFiles/cmTC_a9711.dir/build.make CMakeFiles/cmTC_a9711.dir/build
make[1]: Entering directory '/home/danas/Qt_ws/build/CMakeFiles/CMakeTmp'
Building C object CMakeFiles/cmTC_a9711.dir/CheckSymbolExists.c.o
/usr/bin/cc     -o CMakeFiles/cmTC_a9711.dir/CheckSymbolExists.c.o   -c /home/danas/Qt_ws/build/CMakeFiles/CMakeTmp/CheckSymbolExists.c
Linking C executable cmTC_a9711
/usr/bin/cmake -E cmake_link_script CMakeFiles/cmTC_a9711.dir/link.txt --verbose=1
/usr/bin/cc       CMakeFiles/cmTC_a9711.dir/CheckSymbolExists.c.o  -o cmTC_a9711 -rdynamic 
CMakeFiles/cmTC_a9711.dir/CheckSymbolExists.c.o: In function `main':
CheckSymbolExists.c:(.text+0x16): undefined reference to `pthread_create'
collect2: error: ld returned 1 exit status
CMakeFiles/cmTC_a9711.dir/build.make:97: recipe for target 'cmTC_a9711' failed
make[1]: *** [cmTC_a9711] Error 1
make[1]: Leaving directory '/home/danas/Qt_ws/build/CMakeFiles/CMakeTmp'
Makefile:126: recipe for target 'cmTC_a9711/fast' failed
make: *** [cmTC_a9711/fast] Error 2

File /home/danas/Qt_ws/build/CMakeFiles/CMakeTmp/CheckSymbolExists.c:
/* */
#include <pthread.h>

int main(int argc, char** argv)
{
  (void)argv;
#ifndef pthread_create
  return ((int*)(&pthread_create))[argc];
#else
  (void)argc;
  return 0;
#endif
}

Determining if the function pthread_create exists in the pthreads failed with the following output:
Change Dir: /home/danas/Qt_ws/build/CMakeFiles/CMakeTmp

Run Build Command:"/usr/bin/make" "cmTC_f3d22/fast"
/usr/bin/make -f CMakeFiles/cmTC_f3d22.dir/build.make CMakeFiles/cmTC_f3d22.dir/build
make[1]: Entering directory '/home/danas/Qt_ws/build/CMakeFiles/CMakeTmp'
Building C object CMakeFiles/cmTC_f3d22.dir/CheckFunctionExists.c.o
/usr/bin/cc    -DCHECK_FUNCTION_EXISTS=pthread_create   -o CMakeFiles/cmTC_f3d22.dir/CheckFunctionExists.c.o   -c /usr/share/cmake-3.5/Modules/CheckFunctionExists.c
Linking C executable cmTC_f3d22
/usr/bin/cmake -E cmake_link_script CMakeFiles/cmTC_f3d22.dir/link.txt --verbose=1
/usr/bin/cc   -DCHECK_FUNCTION_EXISTS=pthread_create    CMakeFiles/cmTC_f3d22.dir/CheckFunctionExists.c.o  -o cmTC_f3d22 -rdynamic -lpthreads 
/usr/bin/ld: cannot find -lpthreads
collect2: error: ld returned 1 exit status
CMakeFiles/cmTC_f3d22.dir/build.make:97: recipe for target 'cmTC_f3d22' failed
make[1]: *** [cmTC_f3d22] Error 1
make[1]: Leaving directory '/home/danas/Qt_ws/build/CMakeFiles/CMakeTmp'
Makefile:126: recipe for target 'cmTC_f3d22/fast' failed
make: *** [cmTC_f3d22/fast] Error 2


Determining if the Q_WS_WIN exist failed with the following output:
Change Dir: /home/danas/Qt_ws/build/CMakeFiles/CMakeTmp

Run Build Command:"/usr/bin/make" "cmTC_5f15e/fast"
/usr/bin/make -f CMakeFiles/cmTC_5f15e.dir/build.make CMakeFiles/cmTC_5f15e.dir/build
make[1]: Entering directory '/home/danas/Qt_ws/build/CMakeFiles/CMakeTmp'
Building CXX object CMakeFiles/cmTC_5f15e.dir/CheckSymbolExists.cxx.o
/usr/bin/c++    -I/usr/include/qt4   -o CMakeFiles/cmTC_5f15e.dir/CheckSymbolExists.cxx.o -c /home/danas/Qt_ws/build/CMakeFiles/CMakeTmp/CheckSymbolExists.cxx
/home/danas/Qt_ws/build/CMakeFiles/CMakeTmp/CheckSymbolExists.cxx: In function ‘int main(int, char**)’:
/home/danas/Qt_ws/build/CMakeFiles/CMakeTmp/CheckSymbolExists.cxx:8:19: error: ‘Q_WS_WIN’ was not declared in this scope
   return ((int*)(&Q_WS_WIN))[argc];
                   ^
CMakeFiles/cmTC_5f15e.dir/build.make:65: recipe for target 'CMakeFiles/cmTC_5f15e.dir/CheckSymbolExists.cxx.o' failed
make[1]: *** [CMakeFiles/cmTC_5f15e.dir/CheckSymbolExists.cxx.o] Error 1
make[1]: Leaving directory '/home/danas/Qt_ws/build/CMakeFiles/CMakeTmp'
Makefile:126: recipe for target 'cmTC_5f15e/fast' failed
make: *** [cmTC_5f15e/fast] Error 2

File /home/danas/Qt_ws/build/CMakeFiles/CMakeTmp/CheckSymbolExists.cxx:
/* */
#include <QtCore/qglobal.h>

int main(int argc, char** argv)
{
  (void)argv;
#ifndef Q_WS_WIN
  return ((int*)(&Q_WS_WIN))[argc];
#else
  (void)argc;
  return 0;
#endif
}

Determining if the Q_WS_QWS exist failed with the following output:
Change Dir: /home/danas/Qt_ws/build/CMakeFiles/CMakeTmp

Run Build Command:"/usr/bin/make" "cmTC_92cdf/fast"
/usr/bin/make -f CMakeFiles/cmTC_92cdf.dir/build.make CMakeFiles/cmTC_92cdf.dir/build
make[1]: Entering directory '/home/danas/Qt_ws/build/CMakeFiles/CMakeTmp'
Building CXX object CMakeFiles/cmTC_92cdf.dir/CheckSymbolExists.cxx.o
/usr/bin/c++    -I/usr/include/qt4   -o CMakeFiles/cmTC_92cdf.dir/CheckSymbolExists.cxx.o -c /home/danas/Qt_ws/build/CMakeFiles/CMakeTmp/CheckSymbolExists.cxx
/home/danas/Qt_ws/build/CMakeFiles/CMakeTmp/CheckSymbolExists.cxx: In function ‘int main(int, char**)’:
/home/danas/Qt_ws/build/CMakeFiles/CMakeTmp/CheckSymbolExists.cxx:8:19: error: ‘Q_WS_QWS’ was not declared in this scope
   return ((int*)(&Q_WS_QWS))[argc];
                   ^
CMakeFiles/cmTC_92cdf.dir/build.make:65: recipe for target 'CMakeFiles/cmTC_92cdf.dir/CheckSymbolExists.cxx.o' failed
make[1]: *** [CMakeFiles/cmTC_92cdf.dir/CheckSymbolExists.cxx.o] Error 1
make[1]: Leaving directory '/home/danas/Qt_ws/build/CMakeFiles/CMakeTmp'
Makefile:126: recipe for target 'cmTC_92cdf/fast' failed
make: *** [cmTC_92cdf/fast] Error 2

File /home/danas/Qt_ws/build/CMakeFiles/CMakeTmp/CheckSymbolExists.cxx:
/* */
#include <QtCore/qglobal.h>

int main(int argc, char** argv)
{
  (void)argv;
#ifndef Q_WS_QWS
  return ((int*)(&Q_WS_QWS))[argc];
#else
  (void)argc;
  return 0;
#endif
}

Determining if the Q_WS_MAC exist failed with the following output:
Change Dir: /home/danas/Qt_ws/build/CMakeFiles/CMakeTmp

Run Build Command:"/usr/bin/make" "cmTC_5161c/fast"
/usr/bin/make -f CMakeFiles/cmTC_5161c.dir/build.make CMakeFiles/cmTC_5161c.dir/build
make[1]: Entering directory '/home/danas/Qt_ws/build/CMakeFiles/CMakeTmp'
Building CXX object CMakeFiles/cmTC_5161c.dir/CheckSymbolExists.cxx.o
/usr/bin/c++    -I/usr/include/qt4   -o CMakeFiles/cmTC_5161c.dir/CheckSymbolExists.cxx.o -c /home/danas/Qt_ws/build/CMakeFiles/CMakeTmp/CheckSymbolExists.cxx
/home/danas/Qt_ws/build/CMakeFiles/CMakeTmp/CheckSymbolExists.cxx: In function ‘int main(int, char**)’:
/home/danas/Qt_ws/build/CMakeFiles/CMakeTmp/CheckSymbolExists.cxx:8:19: error: ‘Q_WS_MAC’ was not declared in this scope
   return ((int*)(&Q_WS_MAC))[argc];
                   ^
CMakeFiles/cmTC_5161c.dir/build.make:65: recipe for target 'CMakeFiles/cmTC_5161c.dir/CheckSymbolExists.cxx.o' failed
make[1]: *** [CMakeFiles/cmTC_5161c.dir/CheckSymbolExists.cxx.o] Error 1
make[1]: Leaving directory '/home/danas/Qt_ws/build/CMakeFiles/CMakeTmp'
Makefile:126: recipe for target 'cmTC_5161c/fast' failed
make: *** [cmTC_5161c/fast] Error 2

File /home/danas/Qt_ws/build/CMakeFiles/CMakeTmp/CheckSymbolExists.cxx:
/* */
#include <QtCore/qglobal.h>

int main(int argc, char** argv)
{
  (void)argv;
#ifndef Q_WS_MAC
  return ((int*)(&Q_WS_MAC))[argc];
#else
  (void)argc;
  return 0;
#endif
}

